[debug] [2026-03-24T06:42:11.978Z] ----------------------------------------------------------------------
[debug] [2026-03-24T06:42:11.980Z] Command:       C:\Program Files\nodejs\node.exe C:\Users\minhp\AppData\Roaming\npm\node_modules\firebase-tools\lib\bin\firebase.js init
[debug] [2026-03-24T06:42:11.981Z] CLI Version:   15.11.0
[debug] [2026-03-24T06:42:11.981Z] Platform:      win32
[debug] [2026-03-24T06:42:11.981Z] Node Version:  v23.1.0
[debug] [2026-03-24T06:42:11.981Z] Time:          Tue Mar 24 2026 13:42:11 GMT+0700 (Indochina Time)
[debug] [2026-03-24T06:42:11.981Z] ----------------------------------------------------------------------
[debug] 
[info] 
     ######## #### ########  ######## ########     ###     ######  ########
     ##        ##  ##     ## ##       ##     ##  ##   ##  ##       ##
     ######    ##  ########  ######   ########  #########  ######  ######
     ##        ##  ##    ##  ##       ##     ## ##     ##       ## ##
     ##       #### ##     ## ######## ########  ##     ##  ######  ########

You're about to initialize a Firebase project in this directory:

  D:\BT ReactJS\my-app-phuc

[info] 
=== Project Setup
[info] 
[info] First, let's associate this project directory with a Firebase project.
[info] You can create multiple project aliases by running firebase use --add, 
[info] 
[debug] [2026-03-24T06:43:00.965Z] > command requires scopes: ["email","openid","https://www.googleapis.com/auth/cloudplatformprojects.readonly","https://www.googleapis.com/auth/firebase","https://www.googleapis.com/auth/cloud-platform"]
[debug] [2026-03-24T06:43:00.966Z] > authorizing via signed-in user (phucle76765@gmail.com)
[debug] [2026-03-24T06:43:00.967Z] Checked if tokens are valid: true, expires at: 1774338104317
[debug] [2026-03-24T06:43:00.967Z] Checked if tokens are valid: true, expires at: 1774338104317
[debug] [2026-03-24T06:43:00.968Z] >>> [apiv2][query] GET https://firebase.googleapis.com/v1beta1/projects pageSize=100
[debug] [2026-03-24T06:43:01.822Z] <<< [apiv2][status] GET https://firebase.googleapis.com/v1beta1/projects 200
[debug] [2026-03-24T06:43:01.822Z] <<< [apiv2][body] GET https://firebase.googleapis.com/v1beta1/projects [omitted]
[info] 
=== Dataconnect Setup
[info] i  dataconnect: ensuring required API firebasedataconnect.googleapis.com is enabled... 
[debug] [2026-03-24T06:43:05.755Z] Checked if tokens are valid: true, expires at: 1774338104317
[debug] [2026-03-24T06:43:05.755Z] Checked if tokens are valid: true, expires at: 1774338104317
[info] i  dataconnect: ensuring required API sqladmin.googleapis.com is enabled... 
[debug] [2026-03-24T06:43:05.756Z] Checked if tokens are valid: true, expires at: 1774338104317
[debug] [2026-03-24T06:43:05.756Z] Checked if tokens are valid: true, expires at: 1774338104317
[debug] [2026-03-24T06:43:05.756Z] >>> [apiv2][query] GET https://serviceusage.googleapis.com/v1/projects/device-streaming-62b9f9a6/services/firebasedataconnect.googleapis.com [none]
[debug] [2026-03-24T06:43:05.756Z] >>> [apiv2][(partial)header] GET https://serviceusage.googleapis.com/v1/projects/device-streaming-62b9f9a6/services/firebasedataconnect.googleapis.com  x-goog-user-project=device-streaming-62b9f9a6
[debug] [2026-03-24T06:43:05.758Z] >>> [apiv2][query] GET https://serviceusage.googleapis.com/v1/projects/device-streaming-62b9f9a6/services/sqladmin.googleapis.com [none]
[debug] [2026-03-24T06:43:05.758Z] >>> [apiv2][(partial)header] GET https://serviceusage.googleapis.com/v1/projects/device-streaming-62b9f9a6/services/sqladmin.googleapis.com  x-goog-user-project=device-streaming-62b9f9a6
[debug] [2026-03-24T06:43:07.046Z] <<< [apiv2][status] GET https://serviceusage.googleapis.com/v1/projects/device-streaming-62b9f9a6/services/sqladmin.googleapis.com 200
[debug] [2026-03-24T06:43:07.047Z] <<< [apiv2][body] GET https://serviceusage.googleapis.com/v1/projects/device-streaming-62b9f9a6/services/sqladmin.googleapis.com [omitted]
[warn] !  dataconnect: missing required API sqladmin.googleapis.com. Enabling now... 
[debug] [2026-03-24T06:43:07.048Z] Checked if tokens are valid: true, expires at: 1774338104317
[debug] [2026-03-24T06:43:07.048Z] Checked if tokens are valid: true, expires at: 1774338104317
[debug] [2026-03-24T06:43:07.048Z] >>> [apiv2][query] POST https://serviceusage.googleapis.com/v1/projects/device-streaming-62b9f9a6/services/sqladmin.googleapis.com:enable [none]
[debug] [2026-03-24T06:43:07.048Z] >>> [apiv2][(partial)header] POST https://serviceusage.googleapis.com/v1/projects/device-streaming-62b9f9a6/services/sqladmin.googleapis.com:enable  x-goog-user-project=device-streaming-62b9f9a6
[debug] [2026-03-24T06:43:07.088Z] <<< [apiv2][status] GET https://serviceusage.googleapis.com/v1/projects/device-streaming-62b9f9a6/services/firebasedataconnect.googleapis.com 200
[debug] [2026-03-24T06:43:07.089Z] <<< [apiv2][body] GET https://serviceusage.googleapis.com/v1/projects/device-streaming-62b9f9a6/services/firebasedataconnect.googleapis.com [omitted]
[warn] !  dataconnect: missing required API firebasedataconnect.googleapis.com. Enabling now... 
[debug] [2026-03-24T06:43:07.089Z] Checked if tokens are valid: true, expires at: 1774338104317
[debug] [2026-03-24T06:43:07.089Z] Checked if tokens are valid: true, expires at: 1774338104317
[debug] [2026-03-24T06:43:07.090Z] >>> [apiv2][query] POST https://serviceusage.googleapis.com/v1/projects/device-streaming-62b9f9a6/services/firebasedataconnect.googleapis.com:enable [none]
[debug] [2026-03-24T06:43:07.090Z] >>> [apiv2][(partial)header] POST https://serviceusage.googleapis.com/v1/projects/device-streaming-62b9f9a6/services/firebasedataconnect.googleapis.com:enable  x-goog-user-project=device-streaming-62b9f9a6
[debug] [2026-03-24T06:43:07.578Z] <<< [apiv2][status] POST https://serviceusage.googleapis.com/v1/projects/device-streaming-62b9f9a6/services/sqladmin.googleapis.com:enable 200
[debug] [2026-03-24T06:43:07.579Z] <<< [apiv2][body] POST https://serviceusage.googleapis.com/v1/projects/device-streaming-62b9f9a6/services/sqladmin.googleapis.com:enable [omitted]
[debug] [2026-03-24T06:43:07.620Z] <<< [apiv2][status] POST https://serviceusage.googleapis.com/v1/projects/device-streaming-62b9f9a6/services/firebasedataconnect.googleapis.com:enable 200
[debug] [2026-03-24T06:43:07.620Z] <<< [apiv2][body] POST https://serviceusage.googleapis.com/v1/projects/device-streaming-62b9f9a6/services/firebasedataconnect.googleapis.com:enable [omitted]
[debug] [2026-03-24T06:43:17.642Z] Checked if tokens are valid: true, expires at: 1774338104317
[debug] [2026-03-24T06:43:17.642Z] Checked if tokens are valid: true, expires at: 1774338104317
[debug] [2026-03-24T06:43:17.643Z] >>> [apiv2][query] GET https://firebasedataconnect.googleapis.com/v1/projects/device-streaming-62b9f9a6/locations/-/services [none]
[debug] [2026-03-24T06:43:19.222Z] <<< [apiv2][status] GET https://firebasedataconnect.googleapis.com/v1/projects/device-streaming-62b9f9a6/locations/-/services 200
[debug] [2026-03-24T06:43:19.222Z] <<< [apiv2][body] GET https://firebasedataconnect.googleapis.com/v1/projects/device-streaming-62b9f9a6/locations/-/services {}
[info] i  : ensuring required API cloudaicompanion.googleapis.com is enabled... 
[debug] [2026-03-24T06:43:22.393Z] Checked if tokens are valid: true, expires at: 1774338104317
[debug] [2026-03-24T06:43:22.393Z] Checked if tokens are valid: true, expires at: 1774338104317
[debug] [2026-03-24T06:43:22.394Z] >>> [apiv2][query] GET https://serviceusage.googleapis.com/v1/projects/device-streaming-62b9f9a6/services/cloudaicompanion.googleapis.com [none]
[debug] [2026-03-24T06:43:22.394Z] >>> [apiv2][(partial)header] GET https://serviceusage.googleapis.com/v1/projects/device-streaming-62b9f9a6/services/cloudaicompanion.googleapis.com  x-goog-user-project=device-streaming-62b9f9a6
[debug] [2026-03-24T06:43:23.760Z] <<< [apiv2][status] GET https://serviceusage.googleapis.com/v1/projects/device-streaming-62b9f9a6/services/cloudaicompanion.googleapis.com 200
[debug] [2026-03-24T06:43:23.761Z] <<< [apiv2][body] GET https://serviceusage.googleapis.com/v1/projects/device-streaming-62b9f9a6/services/cloudaicompanion.googleapis.com [omitted]
[warn] !  : missing required API cloudaicompanion.googleapis.com. Enabling now... 
[debug] [2026-03-24T06:43:23.761Z] Checked if tokens are valid: true, expires at: 1774338104317
[debug] [2026-03-24T06:43:23.761Z] Checked if tokens are valid: true, expires at: 1774338104317
[debug] [2026-03-24T06:43:23.762Z] >>> [apiv2][query] POST https://serviceusage.googleapis.com/v1/projects/device-streaming-62b9f9a6/services/cloudaicompanion.googleapis.com:enable [none]
[debug] [2026-03-24T06:43:23.762Z] >>> [apiv2][(partial)header] POST https://serviceusage.googleapis.com/v1/projects/device-streaming-62b9f9a6/services/cloudaicompanion.googleapis.com:enable  x-goog-user-project=device-streaming-62b9f9a6
[debug] [2026-03-24T06:43:25.052Z] <<< [apiv2][status] POST https://serviceusage.googleapis.com/v1/projects/device-streaming-62b9f9a6/services/cloudaicompanion.googleapis.com:enable 200
[debug] [2026-03-24T06:43:25.052Z] <<< [apiv2][body] POST https://serviceusage.googleapis.com/v1/projects/device-streaming-62b9f9a6/services/cloudaicompanion.googleapis.com:enable [omitted]
[debug] [2026-03-24T06:43:51.205Z] Checked if tokens are valid: true, expires at: 1774338104317
[debug] [2026-03-24T06:43:51.205Z] Checked if tokens are valid: true, expires at: 1774338104317
[debug] [2026-03-24T06:43:51.205Z] >>> [apiv2][query] GET https://cloudbilling.googleapis.com/v1/projects/device-streaming-62b9f9a6/billingInfo [none]
[debug] [2026-03-24T06:43:51.633Z] <<< [apiv2][status] GET https://cloudbilling.googleapis.com/v1/projects/device-streaming-62b9f9a6/billingInfo 200
[debug] [2026-03-24T06:43:51.633Z] <<< [apiv2][body] GET https://cloudbilling.googleapis.com/v1/projects/device-streaming-62b9f9a6/billingInfo {"name":"projects/device-streaming-62b9f9a6/billingInfo","projectId":"device-streaming-62b9f9a6","billingAccountName":"","billingEnabled":false}
[debug] [2026-03-24T06:43:51.636Z] Checked if tokens are valid: true, expires at: 1774338104317
[debug] [2026-03-24T06:43:51.636Z] Checked if tokens are valid: true, expires at: 1774338104317
[debug] [2026-03-24T06:43:51.636Z] >>> [apiv2][query] GET https://monitoring.googleapis.com/v3/projects/device-streaming-62b9f9a6/timeSeries/ filter=metric.type%3D%22serviceruntime.googleapis.com%2Fquota%2Fallocation%2Fusage%22+AND+metric.label.quota_metric+%3D+%22sqladmin.googleapis.com%2Ffdc_lifetime_free_trial_per_project%22&interval.endTime=2026-03-24T06%3A43%3A51.635Z&interval.startTime=2026-03-17T06%3A43%3A51.634Z
[debug] [2026-03-24T06:43:52.486Z] <<< [apiv2][status] GET https://monitoring.googleapis.com/v3/projects/device-streaming-62b9f9a6/timeSeries/ 200
[debug] [2026-03-24T06:43:52.487Z] <<< [apiv2][body] GET https://monitoring.googleapis.com/v3/projects/device-streaming-62b9f9a6/timeSeries/ {"unit":"1"}
[info] +  dataconnect: CloudSQL no cost trial available! 
[debug] [2026-03-24T06:43:52.487Z] Checked if tokens are valid: true, expires at: 1774338104317
[debug] [2026-03-24T06:43:52.488Z] Checked if tokens are valid: true, expires at: 1774338104317
[debug] [2026-03-24T06:43:52.488Z] >>> [apiv2][query] GET https://sqladmin.googleapis.com/v1/projects/device-streaming-62b9f9a6/instances [none]
[debug] [2026-03-24T06:43:54.369Z] <<< [apiv2][status] GET https://sqladmin.googleapis.com/v1/projects/device-streaming-62b9f9a6/instances 200
[debug] [2026-03-24T06:43:54.369Z] <<< [apiv2][body] GET https://sqladmin.googleapis.com/v1/projects/device-streaming-62b9f9a6/instances {}
[debug] [2026-03-24T06:43:54.369Z] Checked if tokens are valid: true, expires at: 1774338104317
[debug] [2026-03-24T06:43:54.369Z] Checked if tokens are valid: true, expires at: 1774338104317
[debug] [2026-03-24T06:43:54.369Z] >>> [apiv2][query] GET https://firebasedataconnect.googleapis.com/v1/projects/device-streaming-62b9f9a6/locations [none]
[debug] [2026-03-24T06:43:55.666Z] <<< [apiv2][status] GET https://firebasedataconnect.googleapis.com/v1/projects/device-streaming-62b9f9a6/locations 200
[debug] [2026-03-24T06:43:55.666Z] <<< [apiv2][body] GET https://firebasedataconnect.googleapis.com/v1/projects/device-streaming-62b9f9a6/locations {"locations":[{"name":"projects/device-streaming-62b9f9a6/locations/asia-east1","locationId":"asia-east1","displayName":"Taiwan"},{"name":"projects/device-streaming-62b9f9a6/locations/asia-east2","locationId":"asia-east2","displayName":"Hong Kong"},{"name":"projects/device-streaming-62b9f9a6/locations/asia-northeast1","locationId":"asia-northeast1","displayName":"Tokyo"},{"name":"projects/device-streaming-62b9f9a6/locations/asia-northeast2","locationId":"asia-northeast2","displayName":"Osaka"},{"name":"projects/device-streaming-62b9f9a6/locations/asia-northeast3","locationId":"asia-northeast3","displayName":"Seoul"},{"name":"projects/device-streaming-62b9f9a6/locations/asia-south1","locationId":"asia-south1","displayName":"Mumbai"},{"name":"projects/device-streaming-62b9f9a6/locations/asia-southeast1","locationId":"asia-southeast1","displayName":"Singapore"},{"name":"projects/device-streaming-62b9f9a6/locations/asia-southeast2","locationId":"asia-southeast2","displayName":"Jakarta"},{"name":"projects/device-streaming-62b9f9a6/locations/australia-southeast1","locationId":"australia-southeast1","displayName":"Sydney"},{"name":"projects/device-streaming-62b9f9a6/locations/australia-southeast2","locationId":"australia-southeast2","displayName":"Melbourne"},{"name":"projects/device-streaming-62b9f9a6/locations/europe-central2","locationId":"europe-central2","displayName":"Warsaw"},{"name":"projects/device-streaming-62b9f9a6/locations/europe-north1","locationId":"europe-north1","displayName":"Finland"},{"name":"projects/device-streaming-62b9f9a6/locations/europe-southwest1","locationId":"europe-southwest1","displayName":"Madrid"},{"name":"projects/device-streaming-62b9f9a6/locations/europe-west1","locationId":"europe-west1","displayName":"Belgium"},{"name":"projects/device-streaming-62b9f9a6/locations/europe-west2","locationId":"europe-west2","displayName":"London"},{"name":"projects/device-streaming-62b9f9a6/locations/europe-west3","locationId":"europe-west3","displayName":"Frankfurt"},{"name":"projects/device-streaming-62b9f9a6/locations/europe-west4","locationId":"europe-west4","displayName":"Netherlands"},{"name":"projects/device-streaming-62b9f9a6/locations/europe-west6","locationId":"europe-west6","displayName":"Zurich"},{"name":"projects/device-streaming-62b9f9a6/locations/europe-west8","locationId":"europe-west8","displayName":"Milan"},{"name":"projects/device-streaming-62b9f9a6/locations/europe-west9","locationId":"europe-west9","displayName":"Paris"},{"name":"projects/device-streaming-62b9f9a6/locations/me-west1","locationId":"me-west1","displayName":"Tel Aviv"},{"name":"projects/device-streaming-62b9f9a6/locations/northamerica-northeast1","locationId":"northamerica-northeast1","displayName":"Montréal"},{"name":"projects/device-streaming-62b9f9a6/locations/northamerica-northeast2","locationId":"northamerica-northeast2","displayName":"Toronto"},{"name":"projects/device-streaming-62b9f9a6/locations/southamerica-east1","locationId":"southamerica-east1","displayName":"São Paulo"},{"name":"projects/device-streaming-62b9f9a6/locations/southamerica-west1","locationId":"southamerica-west1","displayName":"Santiago"},{"name":"projects/device-streaming-62b9f9a6/locations/us-central1","locationId":"us-central1","displayName":"Iowa"},{"name":"projects/device-streaming-62b9f9a6/locations/us-east1","locationId":"us-east1","displayName":"South Carolina"},{"name":"projects/device-streaming-62b9f9a6/locations/us-east4","locationId":"us-east4","displayName":"Northern Virginia"},{"name":"projects/device-streaming-62b9f9a6/locations/us-south1","locationId":"us-south1","displayName":"Dallas"},{"name":"projects/device-streaming-62b9f9a6/locations/us-west1","locationId":"us-west1","displayName":"Oregon"},{"name":"projects/device-streaming-62b9f9a6/locations/us-west2","locationId":"us-west2","displayName":"Los Angeles"},{"name":"projects/device-streaming-62b9f9a6/locations/us-west3","locationId":"us-west3","displayName":"Salt Lake City"},{"name":"projects/device-streaming-62b9f9a6/locations/us-west4","locationId":"us-west4","displayName":"Las Vegas"}]}
